[00:51:15] [main/INFO] (FabricLoader/GameProvider) Loading Minecraft 1.21.1 with Fabric Loader 0.18.1
[00:51:15] [main/INFO] (FabricLoader) Loading 54 mods:
	- cardinal-components-base 6.1.3
	- cardinal-components-entity 6.1.3
	- carpet 1.4.147+v240613
	- emi 1.1.22+1.21.1+fabric
	- enchancement 1.21-r14
	   |-- cardinal-components-world 6.1.2
	   |-- midnightlib 1.6.3
	   \-- tooltipfix 1.1.1-1.20
	- fabric-api 0.116.7+1.21.1
	- fabric-api-base 0.4.42+6573ed8cd1
	- fabric-api-lookup-api-v1 1.6.71+b559734419
	- fabric-biome-api-v1 13.0.31+d527f9fd19
	- fabric-block-api-v1 1.1.0+0bc3503219
	- fabric-block-view-api-v2 1.0.11+ebb2264e19
	- fabric-command-api-v1 1.2.49+f71b366f19
	- fabric-command-api-v2 2.2.28+6ced4dd919
	- fabric-commands-v0 0.2.66+df3654b319
	- fabric-content-registries-v0 8.0.19+b559734419
	- fabric-convention-tags-v1 2.1.5+7f945d5b19
	- fabric-convention-tags-v2 2.11.1+a406e79519
	- fabric-crash-report-info-v1 0.2.29+0af3f5a719
	- fabric-data-attachment-api-v1 1.4.5+6116a37819
	- fabric-data-generation-api-v1 20.2.34+37516cd619
	- fabric-dimensions-v1 4.0.1+65213ef819
	- fabric-entity-events-v1 1.8.0+2b27e0a419
	- fabric-events-interaction-v0 0.7.13+ba9dae0619
	- fabric-game-rule-api-v1 1.0.53+6ced4dd919
	- fabric-gametest-api-v1 2.0.5+6fc22b9919
	- fabric-item-api-v1 11.2.0+3b3cb2e819
	- fabric-item-group-api-v1 4.1.7+def88e3a19
	- fabric-lifecycle-events-v1 2.6.0+0865547519
	- fabric-loot-api-v2 3.0.15+3f89f5a519
	- fabric-loot-api-v3 1.0.3+3f89f5a519
	- fabric-message-api-v1 6.0.14+8aaf3aca19
	- fabric-networking-api-v1 4.3.0+c7469b2119
	- fabric-object-builder-api-v1 15.2.1+40875a9319
	- fabric-particles-v1 4.0.2+6573ed8c19
	- fabric-recipe-api-v1 5.0.15+2475392c19
	- fabric-registry-sync-v0 5.3.1+e3eddc2119
	- fabric-rendering-data-attachment-v1 0.3.49+73761d2e19
	- fabric-rendering-fluids-v1 3.1.6+1daea21519
	- fabric-resource-conditions-api-v1 4.3.0+8dc279b119
	- fabric-resource-loader-v0 1.3.1+5b5275af19
	- fabric-screen-handler-api-v1 1.3.90+b559734419
	- fabric-transfer-api-v1 5.4.3+c24bd99419
	- fabric-transitive-access-wideners-v1 6.2.0+45b9699719
	- fabricloader 0.18.1
	- ferritecore 7.0.2-hotfix
	- gitsnshiggles 1.4.4
	- java 21
	- lithium 0.15.0+mc1.21.1
	- minecraft 1.21.1
	- mixinextras 0.5.0
	- modernfix 5.24.3+mc1.21.1
	- unsafe-world-random-access-detector 1.1.0
[00:51:16] [pool-2-thread-9/WARN] (FabricLoader/ModRemap) Cannot remap lambda$updateBlockEntityTicker$6 because it does not exists in any of the targets [net/minecraft/class_2818]
[00:51:16] [pool-2-thread-9/WARN] (FabricLoader/ModRemap) Cannot remap lambda$updateBlockEntityTicker$6 because it does not exists in any of the targets [net/minecraft/class_2818]
[00:51:16] [pool-2-thread-8/WARN] (FabricLoader/ModRemap) Cannot remap getHeldItem because it does not exists in any of the targets [net/minecraft/class_3727]
[00:51:16] [pool-2-thread-10/WARN] (FabricLoader/ModRemap) Cannot remap lambda$create$5 because it does not exists in any of the targets [net/minecraft/class_4246]
[00:51:16] [pool-2-thread-10/WARN] (FabricLoader/ModRemap) Cannot remap lambda$create$8 because it does not exists in any of the targets [net/minecraft/class_4246]
[00:51:16] [pool-2-thread-5/WARN] (FabricLoader/ModRemap) Cannot remap lambda$getTickets$7 because it does not exists in any of the targets [net/minecraft/class_3204]
[00:51:17] [main/INFO] (FabricLoader/Mixin) SpongePowered MIXIN Subsystem Version=0.8.7 Source=file:/C:/Users/phu_m/.gradle/caches/modules-2/files-2.1/net.fabricmc/sponge-mixin/0.16.5+mixin.0.8.7/80fc3a9f592673cea87f4cd702f87991c6c9fe4d/sponge-mixin-0.16.5+mixin.0.8.7.jar Service=Knot/Fabric Env=SERVER
[00:51:18] [main/INFO] (FabricLoader/Mixin) Loaded Fabric development mappings for mixin remapper!
[00:51:18] [main/INFO] (FabricLoader/Mixin) Compatibility level set to JAVA_17
[00:51:18] [main/INFO] (FabricLoader/Mixin) Compatibility level set to JAVA_21
[00:51:18] [main/WARN] (ModernFixConfig) We are in a non-Mojmap dev environment. Disabling blockstate cache patch
[00:51:18] [main/INFO] (ModernFix) Loaded configuration file for ModernFix 5.24.3+mc1.21.1: 65 options available, 1 override(s) found
[00:51:18] [main/WARN] (ModernFix) Option 'mixin.perf.reduce_blockstate_cache_rebuilds' overriden (by mods [[not mojmap]]) to 'false'
[00:51:18] [main/INFO] (ModernFix) Applying Nashorn fix
[00:51:18] [main/WARN] (LithiumConfig) Mod 'ferritecore' attempted to override option 'mixin.alloc.blockstate', which doesn't exist, ignoring
[00:51:18] [main/INFO] (LithiumConfig) Option 'mixin.entity.collisions.fluid' requires 'mixin.util.block_tracking=true' but found 'false'. Setting 'mixin.entity.collisions.fluid=false'.
[00:51:18] [main/INFO] (LithiumConfig) Option 'mixin.experimental.entity.block_caching.block_support' requires 'mixin.util.block_tracking=true' but found 'false'. Setting 'mixin.experimental.entity.block_caching.block_support=false'.
[00:51:18] [main/INFO] (LithiumConfig) Option 'mixin.experimental.entity.block_caching.fluid_pushing' requires 'mixin.util.block_tracking=true' but found 'false'. Setting 'mixin.experimental.entity.block_caching.fluid_pushing=false'.
[00:51:18] [main/INFO] (LithiumConfig) Option 'mixin.experimental.entity.block_caching.block_touching' requires 'mixin.util.block_tracking=true' but found 'false'. Setting 'mixin.experimental.entity.block_caching.block_touching=false'.
[00:51:18] [main/INFO] (LithiumConfig) Option 'mixin.experimental.entity.block_caching.suffocation' requires 'mixin.util.block_tracking=true' but found 'false'. Setting 'mixin.experimental.entity.block_caching.suffocation=false'.
[00:51:18] [main/INFO] (LithiumConfig) Option 'mixin.experimental.entity.block_caching' requires 'mixin.util.block_tracking=true' but found 'false'. Setting 'mixin.experimental.entity.block_caching=false'.
[00:51:18] [main/INFO] (Lithium) Loaded configuration file for Lithium: 149 options available, 0 override(s) found
[00:51:18] [main/WARN] (FabricLoader/Mixin) Error loading class: com/ishland/c2me/fixes/worldgen/threading_issues/common/CheckedThreadLocalRandom (java.lang.ClassNotFoundException: com/ishland/c2me/fixes/worldgen/threading_issues/common/CheckedThreadLocalRandom)
[00:51:18] [main/INFO] (FabricLoader/MixinExtras|Service) Initializing MixinExtras via com.llamalad7.mixinextras.service.MixinExtrasServiceImpl(version=0.5.0).
[00:51:19] [main/WARN] (PerfmonDisabled) Invalid registry value type detected for PerfOS counters. Should be REG_DWORD. Ignoring: HKEY_LOCAL_MACHINE\SYSTEM\CurrentControlSet\Services\PerfOS\Performance\Disable Performance Counters.
[00:51:20] [main/WARN] (FabricLoader/Mixin) Method overwrite conflict for getTemperature in lithium.mixins.json:world.temperature_cache.BiomeMixin from mod lithium, previously written by org.embeddedt.modernfix.common.mixin.perf.remove_biome_temperature_cache.BiomeMixin. Skipping method.
[00:51:22] [main/INFO] (Minecraft) Vanilla bootstrap took 2948 milliseconds
[00:51:22] [main/INFO] (Gits And Shiggles) Ah bing bing bing
[00:51:22] [main/INFO] (Gits And Shiggles) Registering Mod Data Component Types
[00:51:22] [main/INFO] (Gits And Shiggles) Registering Mod Blocks
[00:51:22] [main/INFO] (Gits And Shiggles) Registering Mod Items
[00:51:22] [main/INFO] (Gits And Shiggles) Registering Mod Item Groups
[00:51:22] [main/INFO] (Gits And Shiggles) Registering Mod Entities
[00:51:22] [main/INFO] (Gits And Shiggles) Registering Mod Particles
[00:51:22] [main/INFO] (Gits And Shiggles) Registering Mod Effects
[00:51:22] [main/INFO] (Gits And Shiggles) Registering Mod Argument Types
[00:51:22] [main/INFO] (Gits And Shiggles) Registering Mod Commands
[00:51:22] [main/INFO] (Gits And Shiggles) Registering Mod Cauldron Behaviors
[00:51:22] [main/INFO] (Minecraft) Environment: Environment[sessionHost=https://sessionserver.mojang.com, servicesHost=https://api.minecraftservices.com, name=PROD]
[00:51:23] [main/INFO] (Minecraft) Loaded 1344 recipes
[00:51:23] [main/INFO] (Minecraft) Loaded 1453 advancements
[00:51:24] [main/WARN] (ModernFix) Initial datapack load took 1.066 s
[00:51:24] [main/INFO] (BiomeModificationImpl) Applied 0 biome modifications to 0 of 64 new biomes in 880.2 μs
[00:51:24] [Server thread/INFO] (Minecraft) Starting minecraft server version 1.21.1
[00:51:24] [Server thread/INFO] (Minecraft) Loading properties
[00:51:24] [Server thread/INFO] (Minecraft) Default game type: SURVIVAL
[00:51:24] [Server thread/INFO] (Minecraft) Generating keypair
[00:51:24] [Server thread/INFO] (Minecraft) Starting Minecraft server on *:25565
[00:51:24] [Server thread/INFO] (Minecraft) Using default channel type
[00:51:24] [Server thread/WARN] (Minecraft) **** SERVER IS RUNNING IN OFFLINE/INSECURE MODE!
[00:51:24] [Server thread/WARN] (Minecraft) The server will make no attempt to authenticate usernames. Beware.
[00:51:24] [Server thread/WARN] (Minecraft) While this makes the game possible to play without internet access, it also opens up the ability for hackers to connect with any username they choose.
[00:51:24] [Server thread/WARN] (Minecraft) To change this, set "online-mode" to "true" in the server.properties file.
[00:51:24] [Server thread/INFO] (Minecraft) Preparing level "world"
[00:51:24] [Server thread/INFO] (CheckedThreadLocalRandom) Enforcing safe world random access
[00:51:24] [Server thread/INFO] (Minecraft) Preparing start region for dimension minecraft:overworld
[00:51:24] [Server thread/WARN] (FabricLoader/Mixin) Method overwrite conflict for removeIf in lithium.mixins.json:collections.chunk_tickets.SortedArraySetMixin from mod lithium, previously written by org.embeddedt.modernfix.common.mixin.bugfix.paper_chunk_patches.SortedArraySetMixin. Skipping method.
[00:51:24] [Worker-Main-6/INFO] (Minecraft) Preparing spawn area: 0%
[00:51:24] [Server thread/INFO] (Minecraft) Time elapsed: 301 ms
[00:51:24] [Server thread/INFO] (Minecraft) Done (0.502s)! For help, type "help"
[00:51:24] [Server thread/WARN] (ModernFix) Dedicated server took 10.299 seconds to load
[00:51:24] [Server thread/INFO] (Minecraft) [STDOUT]: Lithium Cached BlockState Flags are disabled!
[00:53:16] [Server thread/INFO] (Minecraft) Player690[/127.0.0.1:53478] logged in with entity id 50 at (10.5, 101.0, 10.5)
[00:53:16] [Server thread/INFO] (Minecraft) Player690 joined the game
[00:53:17] [Server thread/INFO] (carpet) Player Player690 joined with a matching carpet client
[00:54:14] [Server thread/INFO] (Minecraft) Made Player690 a server operator
[00:54:18] [Server thread/INFO] (Minecraft) Player690 lost connection: Disconnected
[00:54:18] [Server thread/INFO] (Minecraft) Player690 left the game
[00:54:21] [Server thread/INFO] (Minecraft) Player690[/127.0.0.1:57936] logged in with entity id 365 at (11.300017111969288, 100.0, 15.153987707281026)
[00:54:21] [Server thread/INFO] (Minecraft) Player690 joined the game
[00:54:21] [Server thread/INFO] (carpet) Player Player690 joined with a matching carpet client
[00:54:23] [Server thread/INFO] (Minecraft) [Player690: Set own game mode to Creative Mode]
[00:54:39] [Server thread/INFO] (Minecraft) Player690 lost connection: Disconnected
[00:54:39] [Server thread/INFO] (Minecraft) Player690 left the game
