[23:17:41] [main/INFO] (FabricLoader/GameProvider) Loading Minecraft 1.21.1 with Fabric Loader 0.18.1
[23:17:41] [main/INFO] (FabricLoader) Loading 72 mods:
	- cardinal-components-base 6.1.3
	- cardinal-components-entity 6.1.3
	- carpet 1.4.147+v240613
	- emi 1.1.22+1.21.1+fabric
	- enchancement 1.21-r14
	   |-- cardinal-components-world 6.1.2
	   |-- midnightlib 1.6.3
	   \-- tooltipfix 1.1.1-1.20
	- fabric-api 0.116.7+1.21.1
	- fabric-api-base 0.4.42+6573ed8cd1
	- fabric-api-lookup-api-v1 1.6.71+b559734419
	- fabric-biome-api-v1 13.0.31+d527f9fd19
	- fabric-block-api-v1 1.1.0+0bc3503219
	- fabric-block-view-api-v2 1.0.11+ebb2264e19
	- fabric-blockrenderlayer-v1 1.1.52+0af3f5a719
	- fabric-client-tags-api-v1 1.1.15+6573ed8c19
	- fabric-command-api-v1 1.2.49+f71b366f19
	- fabric-command-api-v2 2.2.28+6ced4dd919
	- fabric-commands-v0 0.2.66+df3654b319
	- fabric-content-registries-v0 8.0.19+b559734419
	- fabric-convention-tags-v1 2.1.5+7f945d5b19
	- fabric-convention-tags-v2 2.11.1+a406e79519
	- fabric-crash-report-info-v1 0.2.29+0af3f5a719
	- fabric-data-attachment-api-v1 1.4.5+6116a37819
	- fabric-data-generation-api-v1 20.2.34+37516cd619
	- fabric-dimensions-v1 4.0.1+65213ef819
	- fabric-entity-events-v1 1.8.0+2b27e0a419
	- fabric-events-interaction-v0 0.7.13+ba9dae0619
	- fabric-game-rule-api-v1 1.0.53+6ced4dd919
	- fabric-gametest-api-v1 2.0.5+6fc22b9919
	- fabric-item-api-v1 11.2.0+3b3cb2e819
	- fabric-item-group-api-v1 4.1.7+def88e3a19
	- fabric-key-binding-api-v1 1.0.47+0af3f5a719
	- fabric-keybindings-v0 0.2.45+df3654b319
	- fabric-lifecycle-events-v1 2.6.0+0865547519
	- fabric-loot-api-v2 3.0.15+3f89f5a519
	- fabric-loot-api-v3 1.0.3+3f89f5a519
	- fabric-message-api-v1 6.0.14+8aaf3aca19
	- fabric-model-loading-api-v1 2.1.0+b4d813fc19
	- fabric-networking-api-v1 4.3.0+c7469b2119
	- fabric-object-builder-api-v1 15.2.1+40875a9319
	- fabric-particles-v1 4.0.2+6573ed8c19
	- fabric-recipe-api-v1 5.0.15+2475392c19
	- fabric-registry-sync-v0 5.3.1+e3eddc2119
	- fabric-renderer-api-v1 3.4.1+b4d813fc19
	- fabric-renderer-indigo 1.7.1+c705a49c19
	- fabric-renderer-registries-v1 3.2.69+df3654b319
	- fabric-rendering-data-attachment-v1 0.3.49+73761d2e19
	- fabric-rendering-fluids-v1 3.1.6+1daea21519
	- fabric-rendering-v0 1.1.72+df3654b319
	- fabric-rendering-v1 5.1.0+ab4c25a019
	- fabric-resource-conditions-api-v1 4.3.0+8dc279b119
	- fabric-resource-loader-v0 1.3.1+5b5275af19
	- fabric-screen-api-v1 2.0.25+8b68f1c719
	- fabric-screen-handler-api-v1 1.3.90+b559734419
	- fabric-sound-api-v1 1.0.23+6573ed8c19
	- fabric-transfer-api-v1 5.4.3+c24bd99419
	- fabric-transitive-access-wideners-v1 6.2.0+45b9699719
	- fabricloader 0.18.1
	- ferritecore 7.0.2-hotfix
	- gitsnshiggles 1.4.4
	- immediatelyfast 1.6.7+1.21.1
	   \-- net_lenni0451_reflect 1.3.4
	- java 21
	- lithium 0.15.0+mc1.21.1
	- minecraft 1.21.1
	- mixinextras 0.5.0
	- modernfix 5.24.3+mc1.21.1
	- modmenu 11.0.3
	   \-- placeholder-api 2.4.0-pre.2+1.21
	- sodium 0.6.13+mc1.21.1
	- unsafe-world-random-access-detector 1.1.0
[23:17:43] [pool-2-thread-5/WARN] (FabricLoader/ModRemap) Cannot remap lambda$updateBlockEntityTicker$6 because it does not exists in any of the targets [net/minecraft/class_2818]
[23:17:43] [pool-2-thread-5/WARN] (FabricLoader/ModRemap) Cannot remap lambda$updateBlockEntityTicker$6 because it does not exists in any of the targets [net/minecraft/class_2818]
[23:17:43] [pool-2-thread-3/WARN] (FabricLoader/ModRemap) Cannot remap getHeldItem because it does not exists in any of the targets [net/minecraft/class_3727]
[23:17:43] [pool-2-thread-9/WARN] (FabricLoader/ModRemap) Cannot remap lambda$create$5 because it does not exists in any of the targets [net/minecraft/class_4246]
[23:17:43] [pool-2-thread-9/WARN] (FabricLoader/ModRemap) Cannot remap lambda$create$8 because it does not exists in any of the targets [net/minecraft/class_4246]
[23:17:43] [pool-2-thread-3/WARN] (FabricLoader/ModRemap) Cannot remap iterateVisibleBlockEntities because it does not exists in any of the targets [net/minecraft/class_761]
[23:17:43] [pool-2-thread-9/WARN] (FabricLoader/ModRemap) Cannot remap lambda$init$2 because it does not exists in any of the targets [net/minecraft/class_429]
[23:17:43] [pool-2-thread-11/WARN] (FabricLoader/ModRemap) Cannot remap lambda$getTickets$7 because it does not exists in any of the targets [net/minecraft/class_3204]
[23:17:43] [pool-2-thread-9/WARN] (FabricLoader/ModRemap) Cannot remap getRenderLayers because it does not exists in any of the targets [net/minecraft/class_4696]
[23:17:44] [main/INFO] (FabricLoader/Mixin) SpongePowered MIXIN Subsystem Version=0.8.7 Source=file:/C:/Users/phu_m/.gradle/caches/modules-2/files-2.1/net.fabricmc/sponge-mixin/0.16.5+mixin.0.8.7/80fc3a9f592673cea87f4cd702f87991c6c9fe4d/sponge-mixin-0.16.5+mixin.0.8.7.jar Service=Knot/Fabric Env=CLIENT
[23:17:44] [main/INFO] (FabricLoader/Mixin) Loaded Fabric development mappings for mixin remapper!
[23:17:44] [main/INFO] (FabricLoader/Mixin) Compatibility level set to JAVA_17
[23:17:44] [main/INFO] (FabricLoader/Mixin) Compatibility level set to JAVA_21
[23:17:44] [main/INFO] (Sodium) Loaded configuration file for Sodium: 43 options available, 0 override(s) found
[23:17:44] [main/WARN] (ModernFixConfig) We are in a non-Mojmap dev environment. Disabling blockstate cache patch
[23:17:44] [main/INFO] (ModernFix) Loaded configuration file for ModernFix 5.24.3+mc1.21.1: 65 options available, 1 override(s) found
[23:17:44] [main/WARN] (ModernFix) Option 'mixin.perf.reduce_blockstate_cache_rebuilds' overriden (by mods [[not mojmap]]) to 'false'
[23:17:44] [main/INFO] (ModernFix) Applying Nashorn fix
[23:17:44] [main/WARN] (LithiumConfig) Mod 'ferritecore' attempted to override option 'mixin.alloc.blockstate', which doesn't exist, ignoring
[23:17:44] [main/INFO] (LithiumConfig) Option 'mixin.entity.collisions.fluid' requires 'mixin.util.block_tracking=true' but found 'false'. Setting 'mixin.entity.collisions.fluid=false'.
[23:17:44] [main/INFO] (LithiumConfig) Option 'mixin.experimental.entity.block_caching.block_support' requires 'mixin.util.block_tracking=true' but found 'false'. Setting 'mixin.experimental.entity.block_caching.block_support=false'.
[23:17:44] [main/INFO] (LithiumConfig) Option 'mixin.experimental.entity.block_caching.fluid_pushing' requires 'mixin.util.block_tracking=true' but found 'false'. Setting 'mixin.experimental.entity.block_caching.fluid_pushing=false'.
[23:17:44] [main/INFO] (LithiumConfig) Option 'mixin.experimental.entity.block_caching.block_touching' requires 'mixin.util.block_tracking=true' but found 'false'. Setting 'mixin.experimental.entity.block_caching.block_touching=false'.
[23:17:44] [main/INFO] (LithiumConfig) Option 'mixin.experimental.entity.block_caching.suffocation' requires 'mixin.util.block_tracking=true' but found 'false'. Setting 'mixin.experimental.entity.block_caching.suffocation=false'.
[23:17:44] [main/INFO] (LithiumConfig) Option 'mixin.experimental.entity.block_caching' requires 'mixin.util.block_tracking=true' but found 'false'. Setting 'mixin.experimental.entity.block_caching=false'.
[23:17:44] [main/INFO] (Lithium) Loaded configuration file for Lithium: 149 options available, 0 override(s) found
[23:17:45] [main/WARN] (FabricLoader/Mixin) Error loading class: mezz/jei/library/load/PluginCaller (java.lang.ClassNotFoundException: mezz/jei/library/load/PluginCaller)
[23:17:45] [main/WARN] (FabricLoader/Mixin) Error loading class: com/ishland/c2me/fixes/worldgen/threading_issues/common/CheckedThreadLocalRandom (java.lang.ClassNotFoundException: com/ishland/c2me/fixes/worldgen/threading_issues/common/CheckedThreadLocalRandom)
[23:17:45] [main/INFO] (Sodium-GraphicsAdapterProbe) Searching for graphics cards...
[23:17:45] [main/INFO] (Sodium-GraphicsAdapterProbe) Found graphics adapter: AdapterInfo{vendor=AMD, description='AMD Radeon(TM) Graphics', adapterType=0x00002303, openglIcdFilePath='C:\WINDOWS\System32\DriverStore\FileRepository\u0197639.inf_amd64_6e9872ffe0e526d3\B025646\atig6pxx.dll', openglIcdVersion=32.0.21041.1000}
[23:17:45] [main/INFO] (Sodium-GraphicsAdapterProbe) Found graphics adapter: AdapterInfo{vendor=AMD, description='AMD Radeon RX 9060 XT', adapterType=0x0000230B, openglIcdFilePath='C:\WINDOWS\System32\DriverStore\FileRepository\u0197640.inf_amd64_38091087f7899005\B025647\atig6pxx.dll', openglIcdVersion=32.0.23017.1001}
[23:17:45] [main/INFO] (FabricLoader/MixinExtras|Service) Initializing MixinExtras via com.llamalad7.mixinextras.service.MixinExtrasServiceImpl(version=0.5.0).
[23:17:46] [Datafixer Bootstrap/INFO] (Minecraft) 226 Datafixer optimizations took 276 milliseconds
[23:17:46] [main/WARN] (PerfmonDisabled) Invalid registry value type detected for PerfOS counters. Should be REG_DWORD. Ignoring: HKEY_LOCAL_MACHINE\SYSTEM\CurrentControlSet\Services\PerfOS\Performance\Disable Performance Counters.
[23:17:47] [main/WARN] (FabricLoader/Mixin) Method overwrite conflict for getTemperature in lithium.mixins.json:world.temperature_cache.BiomeMixin from mod lithium, previously written by org.embeddedt.modernfix.common.mixin.perf.remove_biome_temperature_cache.BiomeMixin. Skipping method.
[23:17:49] [main/INFO] (Minecraft) Vanilla bootstrap took 2537 milliseconds
[23:17:49] [Render thread/INFO] (Minecraft) Environment: Environment[sessionHost=https://sessionserver.mojang.com, servicesHost=https://api.minecraftservices.com, name=PROD]
[23:17:49] [Render thread/INFO] (Minecraft) Setting user: Player361
[23:17:49] [Render thread/INFO] (Gits And Shiggles) Ah bing bing bing
[23:17:49] [Render thread/INFO] (Gits And Shiggles) Registering Mod Data Component Types
[23:17:49] [Render thread/INFO] (Gits And Shiggles) Registering Mod Blocks
[23:17:49] [Render thread/INFO] (Gits And Shiggles) Registering Mod Items
[23:17:49] [Render thread/INFO] (Gits And Shiggles) Registering Mod Item Groups
[23:17:49] [Render thread/INFO] (Gits And Shiggles) Registering Mod Entities
[23:17:49] [Render thread/INFO] (Gits And Shiggles) Registering Mod Particles
[23:17:49] [Render thread/INFO] (Gits And Shiggles) Registering Mod Effects
[23:17:49] [Render thread/INFO] (Gits And Shiggles) Registering Mod Argument Types
[23:17:49] [Render thread/INFO] (Gits And Shiggles) Registering Mod Commands
[23:17:49] [Render thread/INFO] (Gits And Shiggles) Registering Mod Cauldron Behaviors
[23:17:49] [Render thread/INFO] (Mod Menu/Update Checker) Checking mod updates...
[23:17:49] [Render thread/INFO] (Gits And Shiggles) (Client) Registering Mod Key Bindings
[23:17:49] [Render thread/INFO] (Gits And Shiggles) Registering Mod Model Predicates
[23:17:50] [ModMenu/Update Checker/Fabric Loader/INFO] (Mod Menu/Update Checker) Update available for 'fabricloader@0.18.1'
[23:17:50] [Render thread/INFO] (Indigo) [Indigo] Different rendering plugin detected; not applying Indigo.
[23:17:50] [Render thread/INFO] (Minecraft) Backend library: LWJGL version 3.3.3-snapshot
[23:17:50] [Worker-Main-1/INFO] (Mod Menu/Update Checker) Update available for 'modernfix@5.24.3+mc1.21.1', (-> 5.25.1+mc1.21.1)
[23:17:50] [Worker-Main-1/INFO] (Mod Menu/Update Checker) Update available for 'immediatelyfast@1.6.7+1.21.1', (-> 1.6.10+1.21.1-fabric)
[23:17:50] [Worker-Main-1/INFO] (Mod Menu/Update Checker) Update available for 'ferritecore@7.0.2-hotfix', (-> 7.0.3-fabric)
[23:17:50] [Worker-Main-1/INFO] (Mod Menu/Update Checker) Update available for 'lithium@0.15.0+mc1.21.1', (-> mc1.21.1-0.15.2-fabric)
[23:17:50] [Render thread/INFO] (Minecraft) OpenGL Vendor: ATI Technologies Inc.
[23:17:50] [Render thread/INFO] (Minecraft) OpenGL Renderer: AMD Radeon RX 9060 XT
[23:17:50] [Render thread/INFO] (Minecraft) OpenGL Version: 3.2.0 Core Profile Context 26.1.1.251128
[23:17:50] [Render thread/INFO] (ImmediatelyFast) Initializing ImmediatelyFast 1.6.7+1.21.1 on AMD Radeon RX 9060 XT (ATI Technologies Inc.) with OpenGL 3.2.0 Core Profile Context 26.1.1.251128
[23:17:51] [Render thread/INFO] (Minecraft) Reloading ResourceManager: vanilla, fabric, cardinal-components-base, cardinal-components-entity, cardinal-components-world, carpet, emi, enchancement, fabric-api, fabric-api-base, fabric-api-lookup-api-v1, fabric-biome-api-v1, fabric-block-api-v1, fabric-block-view-api-v2, fabric-blockrenderlayer-v1, fabric-client-tags-api-v1, fabric-command-api-v1, fabric-command-api-v2, fabric-commands-v0, fabric-content-registries-v0, fabric-convention-tags-v1, fabric-convention-tags-v2, fabric-crash-report-info-v1, fabric-data-attachment-api-v1, fabric-data-generation-api-v1, fabric-dimensions-v1, fabric-entity-events-v1, fabric-events-interaction-v0, fabric-game-rule-api-v1, fabric-gametest-api-v1, fabric-item-api-v1, fabric-item-group-api-v1, fabric-key-binding-api-v1, fabric-keybindings-v0, fabric-lifecycle-events-v1, fabric-loot-api-v2, fabric-loot-api-v3, fabric-message-api-v1, fabric-model-loading-api-v1, fabric-networking-api-v1, fabric-object-builder-api-v1, fabric-particles-v1, fabric-recipe-api-v1, fabric-registry-sync-v0, fabric-renderer-api-v1, fabric-renderer-indigo, fabric-renderer-registries-v1, fabric-rendering-data-attachment-v1, fabric-rendering-fluids-v1, fabric-rendering-v0, fabric-rendering-v1, fabric-resource-conditions-api-v1, fabric-resource-loader-v0, fabric-screen-api-v1, fabric-screen-handler-api-v1, fabric-sound-api-v1, fabric-transfer-api-v1, fabric-transitive-access-wideners-v1, fabricloader, gitsnshiggles, immediatelyfast, lithium, midnightlib, modernfix, modmenu, sodium, tooltipfix
[23:17:51] [Worker-ResourceReload-2/INFO] (Minecraft) Found unifont_all_no_pua-15.1.05.hex, loading
[23:17:51] [Worker-ResourceReload-8/INFO] (Minecraft) Found unifont_jp_patch-15.1.05.hex, loading
[23:17:51] [Worker-ResourceReload-4/WARN] (Minecraft) Exception loading blockstate definition: 'gitsnshiggles:blockstates/empty.json' missing model for variant: 'gitsnshiggles:empty#'
[23:17:51] [Worker-ResourceReload-4/WARN] (Minecraft) Unable to load model: 'gitsnshiggles:item/empty' referenced from: gitsnshiggles:item/empty: java.io.FileNotFoundException: gitsnshiggles:models/item/empty.json
[23:17:51] [Worker-ResourceReload-6/WARN] (Minecraft) Texture gitsnshiggles:item/gun_block with size 216x216 limits mip level from 4 to 3
[23:17:51] [Worker-ResourceReload-6/WARN] (Minecraft) Texture gitsnshiggles:item/itemgroup_icon with size 586x586 limits mip level from 3 to 1
[23:17:51] [Worker-ResourceReload-6/WARN] (Minecraft) minecraft:textures/atlas/blocks.png: dropping miplevel from 4 to 1, because of minimum power of two: 2
[23:17:52] [Render thread/WARN] (Minecraft) Missing sound for event: minecraft:item.goat_horn.play
[23:17:52] [Render thread/WARN] (Minecraft) Missing sound for event: minecraft:entity.goat.screaming.horn_break
[23:17:52] [Render thread/INFO] (Minecraft) OpenAL initialized on device OpenAL Soft on Headphones (EDIFIER W600BT)
[23:17:52] [Render thread/INFO] (Minecraft) Sound engine started
[23:17:52] [Render thread/INFO] (Minecraft) Created: 2048x2048x1 minecraft:textures/atlas/blocks.png-atlas
[23:17:52] [Render thread/INFO] (Minecraft) Created: 256x256x4 minecraft:textures/atlas/signs.png-atlas
[23:17:52] [Render thread/INFO] (Minecraft) Created: 512x512x4 minecraft:textures/atlas/shield_patterns.png-atlas
[23:17:52] [Render thread/INFO] (Minecraft) Created: 512x512x4 minecraft:textures/atlas/banner_patterns.png-atlas
[23:17:52] [Render thread/INFO] (Minecraft) Created: 1024x1024x4 minecraft:textures/atlas/armor_trims.png-atlas
[23:17:52] [Render thread/INFO] (Minecraft) Created: 128x64x4 minecraft:textures/atlas/decorated_pot.png-atlas
[23:17:52] [Render thread/INFO] (Minecraft) Created: 256x256x4 minecraft:textures/atlas/chest.png-atlas
[23:17:52] [Render thread/INFO] (Minecraft) Created: 512x256x4 minecraft:textures/atlas/shulker_boxes.png-atlas
[23:17:52] [Render thread/INFO] (Minecraft) Created: 512x256x4 minecraft:textures/atlas/beds.png-atlas
[23:17:52] [Render thread/INFO] (Minecraft) Created: 512x256x0 minecraft:textures/atlas/particles.png-atlas
[23:17:52] [Render thread/INFO] (Minecraft) Created: 512x256x0 minecraft:textures/atlas/paintings.png-atlas
[23:17:52] [Render thread/INFO] (Minecraft) Created: 256x128x0 minecraft:textures/atlas/mob_effects.png-atlas
[23:17:52] [Render thread/INFO] (Minecraft) Created: 64x64x0 minecraft:textures/atlas/map_decorations.png-atlas
[23:17:52] [Render thread/INFO] (Minecraft) Created: 1024x512x0 minecraft:textures/atlas/gui.png-atlas
[23:17:52] [Render thread/WARN] (Minecraft) Shader rendertype_entity_translucent_emissive could not find sampler named Sampler2 in the specified shader program.
[23:17:54] [Render thread/WARN] (ModernFix) Game took 13.797 seconds to start
[23:18:17] [Render thread/INFO] (Minecraft) Connecting to localhost, 25565
[23:18:18] [Render thread/INFO] (EMI) [EMI] Recipes synchronized, waiting for tags to reload EMI...
[23:18:18] [Render thread/INFO] (CheckedThreadLocalRandom) Enforcing safe world random access
[23:18:18] [Render thread/INFO] (ChunkBuilder) Started 6 worker threads
[23:18:18] [Render thread/INFO] (EMI) [EMI] Joining server, EMI waiting for data from server...
[23:18:18] [Render thread/INFO] (EMI) [EMI] Tags synchronized, reloading EMI
[23:18:18] [Render thread/INFO] (EMI) [EMI] Starting Reload
[23:18:18] [Thread-8/INFO] (EMI) [EMI] Starting EMI reload...
[23:18:18] [Thread-8/INFO] (EMI) [EMI] Clearing data
[23:18:19] [Thread-8/INFO] (EMI) [EMI] Initializing plugin from emi
[23:18:19] [Thread-8/INFO] (EMI) [EMI] Initialized plugin from emi in 4ms
[23:18:19] [Thread-8/INFO] (EMI) [EMI] Processing tags
[23:18:19] [Thread-8/INFO] (EMI) [EMI] Constructing index
[23:18:19] [Thread-8/INFO] (EMI) [EMI] Reloading item groups on client thread...
[23:18:19] [Render thread/INFO] (carpet) Joined carpet server with matching carpet version
[23:18:19] [Render thread/INFO] (Minecraft) Loaded 2 advancements
[23:18:19] [Thread-8/INFO] (EMI) [EMI] Reloading item groups on client thread took 181ms
[23:18:19] [Thread-8/INFO] (EMI) [EMI] Loading plugin from emi
[23:18:19] [Render thread/INFO] (ChunkBuilder) Stopping worker threads
[23:18:19] [Render thread/INFO] (ChunkBuilder) Started 6 worker threads
[23:18:19] [Thread-8/WARN] (enchancement) Attempted to add a disabled enchantment enchantment.enchancement.empty
[23:18:19] [Thread-8/INFO] (EMI) [EMI] Reloaded plugin from emi in 141ms
[23:18:19] [Thread-8/INFO] (EMI) [EMI] Baking index
[23:18:19] [Thread-8/INFO] (EMI) [EMI] Registering late recipes
[23:18:19] [Thread-8/INFO] (EMI) [EMI] Baking recipes
[23:18:19] [Thread-8/WARN] (enchancement) Attempted to add a disabled enchantment enchantment.enchancement.empty
[23:18:19] [Thread-8/WARN] (enchancement) Attempted to add a disabled enchantment enchantment.enchancement.empty
[23:18:19] [Thread-8/INFO] (EMI) [EMI] Baked 2926 recipes in 44ms
[23:18:19] [Thread-8/INFO] (EMI) [EMI] Baking search
[23:18:19] [Thread-9/WARN] (enchancement) Attempted to add a disabled enchantment enchantment.enchancement.empty
[23:18:19] [Render thread/INFO] (Minecraft) [STDOUT]: Lithium Cached BlockState Flags are disabled!
[23:18:19] [Thread-9/INFO] (EMI) [EMI] Baked recipes after reload in 26ms
[23:18:19] [Render thread/WARN] (ModernFix) Time from main menu to in-game was 1.6404752 seconds
[23:18:19] [Render thread/WARN] (ModernFix) Total time to load game and open world was 15.437475 seconds
[23:18:19] [Thread-8/INFO] (EMI) [EMI] Finishing up
[23:18:19] [Thread-8/INFO] (EMI) [EMI] Reloaded EMI in 622ms
[23:18:26] [Render thread/INFO] (Minecraft) [System] [CHAT] [Server: Made Player361 a server operator]
[23:18:38] [Render thread/WARN] (Sodium-VertexConsumerTracker) Class dev.emi.emi.screen.StackBatcher$UnlitFacade$Consumer does not support optimized vertex writing code paths, which may cause reduced rendering performance
[23:18:39] [Render thread/INFO] (Minecraft) [System] [CHAT] Set own game mode to Creative Mode
[23:18:43] [Render thread/INFO] (Minecraft) [System] [CHAT] Set own game mode to Survival Mode
[23:19:12] [Render thread/INFO] (Minecraft) [System] [CHAT] Set own game mode to Creative Mode
[23:19:12] [Render thread/INFO] (Minecraft) [System] [CHAT] Set own game mode to Survival Mode
[23:19:26] [Render thread/INFO] (Minecraft) [System] [CHAT] Set own game mode to Creative Mode
[23:19:32] [Render thread/INFO] (Minecraft) [System] [CHAT] Set own game mode to Survival Mode
[23:19:54] [Render thread/INFO] (Minecraft) [System] [CHAT] Player361 was slain by Vindicator
[23:19:54] [Render thread/INFO] (Minecraft) Loaded 38 advancements
